[2021-07-14T08:15:19.161] [INFO] file - 开始执行任务！
[2021-07-14T08:15:19.164] [INFO] file - 开始查询:茂名市中心血站上报数据！
[2021-07-14T08:15:34.958] [INFO] file - 茂名市中心血站 开始查询今天数据!
[2021-07-14T08:15:34.990] [ERROR] file - 茂名市中心血站执行异常:Error: Execution context was destroyed, most likely because of a navigation.
[2021-07-14T08:15:54.992] [INFO] file - 开始查询:阳泉市中心血站上报数据！
[2021-07-14T08:15:54.993] [INFO] file - 茂名市中心血站上传云数据库完毕!
[2021-07-14T08:16:06.903] [INFO] file - 阳泉市中心血站 开始查询今天数据!
[2021-07-14T08:16:06.909] [ERROR] file - 阳泉市中心血站执行异常:Error: Protocol error (Runtime.callFunctionOn): Target closed.
[2021-07-14T08:16:26.911] [INFO] file - 开始查询:厦门市中心血站上报数据！
[2021-07-14T08:23:04.420] [INFO] file - 开始执行任务！
[2021-07-14T08:23:04.429] [INFO] file - 开始查询:茂名市中心血站上报数据！
[2021-07-14T08:23:16.389] [INFO] file - 茂名市中心血站 开始查询今天数据!
[2021-07-14T08:23:16.437] [ERROR] file - 茂名市中心血站执行异常:Error: Execution context was destroyed, most likely because of a navigation.
[2021-07-14T08:24:52.909] [INFO] file - 开始执行任务！
[2021-07-14T08:24:52.912] [INFO] file - 开始查询:茂名市中心血站上报数据！
[2021-07-14T08:25:04.855] [INFO] file - 茂名市中心血站 开始查询今天数据!
[2021-07-14T08:25:04.887] [ERROR] file - 茂名市中心血站执行异常:Error: Execution context was destroyed, most likely because of a navigation.
[2021-07-14T08:25:41.909] [INFO] file - 开始执行任务！
[2021-07-14T08:25:41.916] [INFO] file - 开始查询:茂名市中心血站上报数据！
[2021-07-14T08:25:53.920] [INFO] file - 茂名市中心血站 开始查询今天数据!
[2021-07-14T08:25:53.977] [INFO] file - 茂名市中心血站上传云数据库完毕!
[2021-07-14T08:28:45.477] [INFO] file - 开始执行任务！
[2021-07-14T08:28:45.480] [INFO] file - 开始查询:茂名市中心血站上报数据！
[2021-07-14T08:28:57.415] [INFO] file - 茂名市中心血站 开始查询今天数据!
[2021-07-14T08:34:57.320] [INFO] file - 开始执行任务！
[2021-07-14T08:34:57.324] [INFO] file - 开始查询:茂名市中心血站上报数据！
[2021-07-14T08:35:09.243] [INFO] file - 茂名市中心血站 开始查询今天数据!
[2021-07-14T08:36:47.052] [INFO] file - 开始执行任务！
[2021-07-14T08:36:47.056] [INFO] file - 开始查询:茂名市中心血站上报数据！
[2021-07-14T08:36:58.998] [INFO] file - 茂名市中心血站 开始查询今天数据!
[2021-07-14T08:42:01.533] [INFO] file - 开始执行任务！
[2021-07-14T08:42:01.541] [INFO] file - 开始查询:茂名市中心血站上报数据！
[2021-07-14T08:42:13.539] [INFO] file - 茂名市中心血站 开始查询今天数据!
[2021-07-14T08:43:11.451] [INFO] file - 开始执行任务！
[2021-07-14T08:43:11.456] [INFO] file - 开始查询:茂名市中心血站上报数据！
[2021-07-14T08:43:23.411] [INFO] file - 茂名市中心血站 开始查询今天数据!
[2021-07-14T08:44:01.537] [INFO] file - 开始执行任务！
[2021-07-14T08:44:01.546] [INFO] file - 开始查询:茂名市中心血站上报数据！
[2021-07-14T08:44:03.542] [INFO] file - 茂名市中心血站 开始查询今天数据!
[2021-07-14T08:50:16.644] [INFO] file - 开始执行任务！
[2021-07-14T08:50:16.648] [INFO] file - 开始查询:茂名市中心血站上报数据！
[2021-07-14T08:50:18.574] [INFO] file - 茂名市中心血站 开始查询今天数据!
[2021-07-14T08:51:38.481] [INFO] file - 开始执行任务！
[2021-07-14T08:51:38.484] [INFO] file - 开始查询:茂名市中心血站上报数据！
[2021-07-14T08:51:40.432] [INFO] file - 茂名市中心血站 开始查询今天数据!
[2021-07-14T08:54:17.903] [INFO] file - 开始执行任务！
[2021-07-14T08:54:17.906] [INFO] file - 开始查询:茂名市中心血站上报数据！
[2021-07-14T08:54:19.879] [INFO] file - 茂名市中心血站 开始查询今天数据!
[2021-07-14T08:55:15.129] [INFO] file - 开始执行任务！
[2021-07-14T08:55:15.134] [INFO] file - 开始查询:茂名市中心血站上报数据！
[2021-07-14T08:55:17.027] [INFO] file - 茂名市中心血站 开始查询今天数据!
[2021-07-14T08:56:47.963] [INFO] file - 开始执行任务！
[2021-07-14T08:56:47.967] [INFO] file - 开始查询:茂名市中心血站上报数据！
[2021-07-14T08:56:49.860] [INFO] file - 茂名市中心血站 开始查询今天数据!
[2021-07-14T08:57:44.337] [INFO] file - 开始执行任务！
[2021-07-14T08:57:44.341] [INFO] file - 开始查询:茂名市中心血站上报数据！
[2021-07-14T08:57:46.211] [INFO] file - 茂名市中心血站 开始查询今天数据!
[2021-07-14T09:16:55.724] [INFO] file - 开始执行任务！
[2021-07-14T09:16:55.730] [INFO] file - 开始查询:茂名市中心血站上报数据！
[2021-07-14T09:16:57.658] [INFO] file - 茂名市中心血站 开始查询今天数据!
[2021-07-14T09:17:45.131] [INFO] file - 开始执行任务！
[2021-07-14T09:17:45.138] [INFO] file - 开始查询:茂名市中心血站上报数据！
[2021-07-14T09:17:47.019] [INFO] file - 茂名市中心血站 开始查询今天数据!
[2021-07-14T09:22:03.307] [INFO] file - 开始执行任务！
[2021-07-14T09:22:03.310] [INFO] file - 开始查询:茂名市中心血站上报数据！
[2021-07-14T09:23:37.281] [INFO] file - 开始执行任务！
[2021-07-14T09:23:37.285] [INFO] file - 开始查询:茂名市中心血站上报数据！
[2021-07-14T09:23:39.208] [INFO] file - 茂名市中心血站 开始查询今天数据!
[2021-07-14T09:26:19.250] [INFO] file - 开始执行任务！
[2021-07-14T09:26:19.260] [INFO] file - 开始查询:茂名市中心血站上报数据！
[2021-07-14T09:26:21.388] [INFO] file - 茂名市中心血站 开始查询今天数据!
[2021-07-14T09:33:29.512] [INFO] file - 开始执行任务！
[2021-07-14T09:33:29.515] [INFO] file - 开始查询:茂名市中心血站上报数据！
[2021-07-14T09:33:31.431] [INFO] file - 茂名市中心血站 开始查询今天数据!
[2021-07-14T09:33:51.449] [INFO] file - 开始查询:阳泉市中心血站上报数据！
[2021-07-14T09:33:53.359] [INFO] file - 阳泉市中心血站 开始查询今天数据!
[2021-07-14T09:34:13.403] [INFO] file - 开始查询:厦门市中心血站上报数据！
[2021-07-14T09:40:29.646] [INFO] file - 开始执行任务！
[2021-07-14T09:40:29.649] [INFO] file - 开始查询:茂名市中心血站上报数据！
[2021-07-14T09:40:32.295] [INFO] file - 茂名市中心血站 开始查询今天数据!
[2021-07-14T09:40:52.303] [INFO] file - 开始查询:阳泉市中心血站上报数据！
[2021-07-14T09:41:17.835] [INFO] file - 开始执行任务！
[2021-07-14T09:41:17.838] [INFO] file - 开始查询:茂名市中心血站上报数据！
[2021-07-14T09:41:20.451] [INFO] file - 茂名市中心血站 开始查询今天数据!
[2021-07-14T09:41:40.592] [INFO] file - 开始查询:阳泉市中心血站上报数据！
[2021-07-14T09:50:31.727] [INFO] file - 开始执行任务！
[2021-07-14T09:50:31.734] [INFO] file - 开始查询:茂名市中心血站上报数据！
[2021-07-14T09:50:34.455] [INFO] file - 茂名市中心血站 开始查询今天数据!
[2021-07-14T09:50:54.479] [INFO] file - 开始查询:阳泉市中心血站上报数据！
[2021-07-14T09:50:57.075] [INFO] file - 阳泉市中心血站 开始查询今天数据!
[2021-07-14T09:51:17.095] [INFO] file - 开始查询:厦门市中心血站上报数据！
[2021-07-14T09:57:33.363] [INFO] file - 开始执行任务！
[2021-07-14T09:57:33.371] [INFO] file - 开始查询:茂名市中心血站上报数据！
[2021-07-14T09:57:36.064] [INFO] file - 茂名市中心血站 开始查询今天数据!
[2021-07-14T09:58:06.608] [INFO] file - 开始查询:阳泉市中心血站上报数据！
[2021-07-14T09:58:50.275] [INFO] file - 开始执行任务！
[2021-07-14T09:58:50.278] [INFO] file - 开始查询:厦门市中心血站上报数据！
[2021-07-14T09:58:52.896] [INFO] file - 厦门市中心血站 开始查询今天数据!
[2021-07-14T09:59:23.455] [INFO] file - 开始查询:黑龙江省血液中心上报数据！
[2021-07-14T09:59:26.249] [INFO] file - 黑龙江省血液中心 开始查询今天数据!
[2021-07-14T10:16:43.240] [INFO] file - 开始执行任务！
[2021-07-14T10:16:43.244] [INFO] file - 开始查询:厦门市中心血站上报数据！
[2021-07-14T10:16:45.828] [INFO] file - 厦门市中心血站 开始查询今天数据!
[2021-07-14T10:17:16.326] [INFO] file - 任务结束！
[2021-07-14T10:27:47.964] [INFO] file - 开始执行任务！
[2021-07-14T10:27:47.968] [INFO] file - 开始查询:厦门市中心血站上报数据！
[2021-07-14T10:27:49.880] [INFO] file - 厦门市中心血站 开始查询今天数据!
[2021-07-14T10:28:20.485] [INFO] file - 任务结束！
[2021-07-14T10:40:37.371] [INFO] file - 开始执行任务！
[2021-07-14T10:40:37.379] [INFO] file - 开始查询:厦门市中心血站上报数据！
[2021-07-14T10:40:39.979] [INFO] file - 厦门市中心血站 开始查询今天数据!
[2021-07-14T10:41:37.887] [INFO] file - 开始执行任务！
[2021-07-14T10:41:37.890] [INFO] file - 开始查询:厦门市中心血站上报数据！
[2021-07-14T10:41:40.561] [INFO] file - 厦门市中心血站 开始查询今天数据!
[2021-07-14T10:42:00.564] [INFO] file - 任务结束！
[2021-07-14T10:42:19.744] [INFO] file - 开始执行任务！
[2021-07-14T10:42:19.747] [INFO] file - 开始查询:厦门市中心血站上报数据！
[2021-07-14T10:42:22.456] [INFO] file - 厦门市中心血站 开始查询今天数据!
[2021-07-14T10:42:42.466] [INFO] file - 任务结束！
[2021-07-14T10:45:14.387] [INFO] file - 开始执行任务！
[2021-07-14T10:45:14.390] [INFO] file - 开始查询:厦门市中心血站上报数据！
[2021-07-14T10:45:16.996] [INFO] file - 厦门市中心血站 开始查询今天数据!
[2021-07-14T10:45:37.001] [INFO] file - 任务结束！
[2021-07-14T10:47:07.356] [INFO] file - 开始执行任务！
[2021-07-14T10:47:07.359] [INFO] file - 开始查询:厦门市中心血站上报数据！
[2021-07-14T10:47:10.192] [INFO] file - 厦门市中心血站 开始查询今天数据!
[2021-07-14T10:47:30.194] [INFO] file - 任务结束！
[2021-07-14T10:48:31.493] [INFO] file - 开始执行任务！
[2021-07-14T10:48:31.500] [INFO] file - 开始查询:厦门市中心血站上报数据！
[2021-07-14T10:48:34.177] [INFO] file - 厦门市中心血站 开始查询今天数据!
[2021-07-14T10:48:54.179] [INFO] file - 任务结束！
[2021-07-14T10:49:43.231] [INFO] file - 开始执行任务！
[2021-07-14T10:49:43.234] [INFO] file - 开始查询:厦门市中心血站上报数据！
[2021-07-14T10:49:45.845] [INFO] file - 厦门市中心血站 开始查询今天数据!
[2021-07-14T10:50:05.857] [INFO] file - 任务结束！
[2021-07-14T10:50:29.640] [INFO] file - 开始执行任务！
[2021-07-14T10:50:29.643] [INFO] file - 开始查询:厦门市中心血站上报数据！
[2021-07-14T10:50:32.202] [INFO] file - 厦门市中心血站 开始查询今天数据!
[2021-07-14T10:50:52.206] [INFO] file - 任务结束！
[2021-07-14T10:52:15.704] [INFO] file - 开始执行任务！
[2021-07-14T10:52:15.709] [INFO] file - 开始查询:厦门市中心血站上报数据！
[2021-07-14T10:52:18.357] [INFO] file - 厦门市中心血站 开始查询今天数据!
[2021-07-14T10:52:38.478] [INFO] file - 任务结束！
[2021-07-14T10:52:41.810] [INFO] file - 开始执行任务！
[2021-07-14T10:52:41.817] [INFO] file - 开始查询:厦门市中心血站上报数据！
[2021-07-14T10:52:44.717] [INFO] file - 厦门市中心血站 开始查询今天数据!
[2021-07-14T10:53:04.741] [INFO] file - 任务结束！
[2021-07-14T11:01:24.028] [INFO] file - 开始执行任务！
[2021-07-14T11:01:24.031] [INFO] file - 开始查询:厦门市中心血站上报数据！
[2021-07-14T11:01:26.670] [INFO] file - 厦门市中心血站 开始查询今天数据!
[2021-07-14T11:01:46.673] [INFO] file - 任务结束！
[2021-07-14T11:04:23.538] [INFO] file - 开始执行任务！
[2021-07-14T11:04:23.542] [INFO] file - 开始查询:厦门市中心血站上报数据！
[2021-07-14T11:04:26.212] [INFO] file - 厦门市中心血站 开始查询今天数据!
[2021-07-14T11:04:46.216] [INFO] file - 任务结束！
[2021-07-14T11:10:13.835] [INFO] file - 开始执行任务！
[2021-07-14T11:10:13.838] [INFO] file - 开始查询:厦门市中心血站上报数据！
[2021-07-14T11:10:16.532] [INFO] file - 厦门市中心血站 开始查询今天数据!
[2021-07-14T11:10:36.534] [INFO] file - 任务结束！
[2021-07-14T11:18:17.806] [INFO] file - 开始执行任务！
[2021-07-14T11:18:17.809] [INFO] file - 开始查询:厦门市中心血站上报数据！
[2021-07-14T11:18:20.500] [INFO] file - 厦门市中心血站 开始查询今天数据!
[2021-07-14T11:18:40.510] [INFO] file - 任务结束！
[2021-07-14T11:20:25.384] [INFO] file - 开始执行任务！
[2021-07-14T11:20:25.386] [INFO] file - 开始查询:厦门市中心血站上报数据！
[2021-07-14T11:20:28.143] [INFO] file - 厦门市中心血站 开始查询今天数据!
[2021-07-14T11:20:48.158] [INFO] file - 任务结束！
[2021-07-14T11:21:51.598] [INFO] file - 开始执行任务！
[2021-07-14T11:21:51.601] [INFO] file - 开始查询:厦门市中心血站上报数据！
[2021-07-14T11:21:54.226] [INFO] file - 厦门市中心血站 开始查询今天数据!
[2021-07-14T11:22:14.232] [INFO] file - 任务结束！
[2021-07-14T11:27:14.165] [INFO] file - 开始执行任务！
[2021-07-14T11:27:14.168] [INFO] file - 开始查询:厦门市中心血站上报数据！
[2021-07-14T11:27:16.138] [INFO] file - 厦门市中心血站 开始查询今天数据!
[2021-07-14T11:27:53.331] [INFO] file - 开始执行任务！
[2021-07-14T11:27:53.334] [INFO] file - 开始查询:厦门市中心血站上报数据！
[2021-07-14T11:27:55.258] [INFO] file - 厦门市中心血站 开始查询今天数据!
[2021-07-14T11:28:16.611] [INFO] file - 任务结束！
[2021-07-14T11:28:43.767] [INFO] file - 开始执行任务！
[2021-07-14T11:28:43.770] [INFO] file - 开始查询:厦门市中心血站上报数据！
[2021-07-14T11:28:45.712] [INFO] file - 厦门市中心血站 开始查询今天数据!
[2021-07-14T11:29:08.141] [INFO] file - 任务结束！
[2021-07-14T11:29:37.699] [INFO] file - 开始执行任务！
[2021-07-14T11:29:37.702] [INFO] file - 开始查询:厦门市中心血站上报数据！
[2021-07-14T11:29:39.640] [INFO] file - 厦门市中心血站 开始查询今天数据!
[2021-07-14T11:31:11.351] [INFO] file - 开始执行任务！
[2021-07-14T11:31:11.354] [INFO] file - 开始查询:厦门市中心血站上报数据！
[2021-07-14T11:31:13.260] [INFO] file - 厦门市中心血站 开始查询今天数据!
[2021-07-14T11:31:43.434] [INFO] file - 任务结束！
[2021-07-14T13:42:06.463] [INFO] file - 开始执行任务！
[2021-07-14T13:42:06.472] [INFO] file - 开始查询:厦门市中心血站上报数据！
[2021-07-14T13:42:08.398] [INFO] file - 厦门市中心血站 开始查询今天数据!
[2021-07-14T13:42:27.323] [INFO] file - 开始执行任务！
[2021-07-14T13:42:27.326] [INFO] file - 开始查询:厦门市中心血站上报数据！
[2021-07-14T13:42:29.242] [INFO] file - 厦门市中心血站 开始查询今天数据!
[2021-07-14T13:58:13.302] [INFO] file - 开始执行任务！
[2021-07-14T13:58:13.306] [INFO] file - 开始查询:厦门市中心血站上报数据！
[2021-07-14T13:58:15.446] [INFO] file - 厦门市中心血站 开始查询今天数据!
[2021-07-14T13:58:46.909] [INFO] file - 开始执行任务！
[2021-07-14T13:58:46.913] [INFO] file - 开始查询:厦门市中心血站上报数据！
[2021-07-14T13:58:48.956] [INFO] file - 厦门市中心血站 开始查询今天数据!
[2021-07-14T13:59:08.960] [INFO] file - 任务结束！
[2021-07-14T14:00:39.757] [INFO] file - 开始执行任务！
[2021-07-14T14:00:39.763] [INFO] file - 开始查询:厦门市中心血站上报数据！
[2021-07-14T14:00:41.717] [INFO] file - 厦门市中心血站 开始查询今天数据!
[2021-07-14T14:01:04.516] [INFO] file - 任务结束！
[2021-07-14T14:01:35.029] [INFO] file - 开始执行任务！
[2021-07-14T14:01:35.039] [INFO] file - 开始查询:厦门市中心血站上报数据！
[2021-07-14T14:01:37.019] [INFO] file - 厦门市中心血站 开始查询今天数据!
[2021-07-14T14:02:07.743] [INFO] file - 任务结束！
[2021-07-14T14:02:37.589] [INFO] file - 开始执行任务！
[2021-07-14T14:02:37.593] [INFO] file - 开始查询:厦门市中心血站上报数据！
[2021-07-14T14:02:39.547] [INFO] file - 厦门市中心血站 开始查询今天数据!
[2021-07-14T14:03:10.250] [INFO] file - 任务结束！
[2021-07-14T14:07:24.918] [INFO] file - 开始执行任务！
[2021-07-14T14:07:24.927] [INFO] file - 开始查询:厦门市中心血站上报数据！
[2021-07-14T14:07:26.904] [INFO] file - 厦门市中心血站 开始查询今天数据!
[2021-07-14T14:07:57.651] [INFO] file - 任务结束！
[2021-07-14T14:09:13.539] [INFO] file - 开始执行任务！
[2021-07-14T14:09:13.542] [INFO] file - 开始查询:厦门市中心血站上报数据！
[2021-07-14T14:09:15.469] [INFO] file - 厦门市中心血站 开始查询今天数据!
[2021-07-14T14:14:53.863] [INFO] file - 开始执行任务！
[2021-07-14T14:14:53.867] [INFO] file - 开始查询:厦门市中心血站上报数据！
[2021-07-14T14:14:55.857] [INFO] file - 厦门市中心血站 开始查询今天数据!
[2021-07-14T14:15:26.571] [INFO] file - 任务结束！
[2021-07-14T14:17:36.353] [INFO] file - 开始执行任务！
[2021-07-14T14:17:36.361] [INFO] file - 开始查询:厦门市中心血站上报数据！
[2021-07-14T14:17:38.367] [INFO] file - 厦门市中心血站 开始查询今天数据!
[2021-07-14T14:24:10.468] [INFO] file - 开始执行任务！
[2021-07-14T14:24:10.477] [INFO] file - 开始查询:厦门市中心血站上报数据！
[2021-07-14T14:24:12.441] [INFO] file - 厦门市中心血站 开始查询今天数据!
[2021-07-14T14:24:43.340] [INFO] file - 任务结束！
[2021-07-14T14:37:14.635] [INFO] file - 开始执行任务！
[2021-07-14T14:37:14.638] [INFO] file - 开始查询:厦门市中心血站上报数据！
[2021-07-14T14:37:16.571] [INFO] file - 厦门市中心血站 开始查询今天数据!
[2021-07-14T14:37:47.439] [INFO] file - 任务结束！
[2021-07-14T14:40:05.000] [INFO] file - 开始执行任务！
[2021-07-14T14:40:05.003] [INFO] file - 开始查询:厦门市中心血站上报数据！
[2021-07-14T14:40:06.948] [INFO] file - 厦门市中心血站 开始查询今天数据!
[2021-07-14T14:40:37.719] [INFO] file - 任务结束！
[2021-07-14T14:42:25.500] [INFO] file - 开始执行任务！
[2021-07-14T14:42:25.508] [INFO] file - 开始查询:厦门市中心血站上报数据！
[2021-07-14T14:42:27.553] [INFO] file - 厦门市中心血站 开始查询今天数据!
[2021-07-14T14:42:58.452] [INFO] file - 任务结束！
[2021-07-14T14:43:39.147] [INFO] file - 开始执行任务！
[2021-07-14T14:43:39.152] [INFO] file - 开始查询:厦门市中心血站上报数据！
[2021-07-14T14:43:41.160] [INFO] file - 厦门市中心血站 开始查询今天数据!
[2021-07-14T14:44:12.165] [INFO] file - 任务结束！
[2021-07-14T14:44:39.968] [INFO] file - 开始执行任务！
[2021-07-14T14:44:39.973] [INFO] file - 开始查询:厦门市中心血站上报数据！
[2021-07-14T14:44:41.925] [INFO] file - 厦门市中心血站 开始查询今天数据!
[2021-07-14T14:44:50.941] [INFO] file - 厦门市中心血站上传云数据库完毕!
[2021-07-14T14:45:12.878] [INFO] file - 任务结束！
[2021-07-14T14:45:12.886] [INFO] file - 厦门市中心血站上传云数据库完毕!
[2021-07-14T14:45:12.886] [INFO] file - 厦门市中心血站 查询完毕,关闭浏览器!
